app/build/outputs/logs/manifest-merger-debug-report.txt
-- Merging decision tree log ---
manifest
ADDED from src/main/AndroidManifest.xml:2:1-181:12
INJECTED from src/main/AndroidManifest.xml:2:1-181:12
INJECTED from src/main/AndroidManifest.xml:2:1-181:12
INJECTED from src/main/AndroidManifest.xml:2:1-181:12
MERGED from [com.android.support:support-v4:28.0.0] AndroidManifest.xml:17:1-22:12
MERGED from [com.android.support.constraint:constraint-layout:1.1.3] AndroidManifest.xml:2:1-11:12
MERGED from [com.android.support:support-media-compat:28.0.0] AndroidManifest.xml:17:1-22:12
MERGED from [com.android.support:support-fragment:28.0.0] AndroidManifest.xml:17:1-22:12
MERGED from [com.android.support:support-core-ui:28.0.0] AndroidManifest.xml:17:1-22:12
MERGED from [com.android.support:support-core-utils:28.0.0] AndroidManifest.xml:17:1-22:12
MERGED from [com.android.support:loader:28.0.0] AndroidManifest.xml:17:1-22:12
MERGED from [com.android.support:viewpager:28.0.0] AndroidManifest.xml:17:1-22:12
MERGED from [com.android.support:coordinatorlayout:28.0.0] AndroidManifest.xml:17:1-22:12
MERGED from [com.android.support:drawerlayout:28.0.0] AndroidManifest.xml:17:1-22:12
MERGED from [com.android.support:slidingpanelayout:28.0.0] AndroidManifest.xml:17:1-22:12
MERGED from [com.android.support:customview:28.0.0] AndroidManifest.xml:17:1-22:12
MERGED from [com.android.support:swiperefreshlayout:28.0.0] AndroidManifest.xml:17:1-22:12
MERGED from [com.android.support:asynclayoutinflater:28.0.0] AndroidManifest.xml:17:1-22:12
MERGED from [com.android.support:support-compat:28.0.0] AndroidManifest.xml:17:1-24:12
MERGED from [com.android.support:versionedparcelable:28.0.0] AndroidManifest.xml:17:1-25:12
MERGED from [android.arch.lifecycle:runtime:1.1.1] AndroidManifest.xml:17:1-22:12
MERGED from [com.android.support:documentfile:28.0.0] AndroidManifest.xml:17:1-22:12
MERGED from [com.android.support:localbroadcastmanager:28.0.0] AndroidManifest.xml:17:1-22:12
MERGED from [com.android.support:print:28.0.0] AndroidManifest.xml:17:1-22:12
MERGED from [com.android.support:interpolator:28.0.0] AndroidManifest.xml:17:1-22:12
MERGED from [com.android.support:cursoradapter:28.0.0] AndroidManifest.xml:17:1-22:12
MERGED from [android.arch.lifecycle:viewmodel:1.1.1] AndroidManifest.xml:17:1-22:12
MERGED from [android.arch.lifecycle:livedata:1.1.1] AndroidManifest.xml:17:1-22:12
MERGED from [android.arch.lifecycle:livedata-core:1.1.1] AndroidManifest.xml:17:1-22:12
MERGED from [android.arch.core:runtime:1.1.1] AndroidManifest.xml:17:1-22:12
INJECTED from src/main/AndroidManifest.xml:2:1-181:12
INJECTED from src/main/AndroidManifest.xml:2:1-181:12
INJECTED from src/main/AndroidManifest.xml:2:1-181:12
	package
		ADDED from src/main/AndroidManifest.xml:3:5-52
		INJECTED from src/main/AndroidManifest.xml
		INJECTED from src/main/AndroidManifest.xml
	android:versionName
		ADDED from src/main/AndroidManifest.xml:5:5-30
		INJECTED from src/main/AndroidManifest.xml
		INJECTED from src/main/AndroidManifest.xml
	xmlns:android
		ADDED from src/main/AndroidManifest.xml:2:11-69
	android:versionCode
		ADDED from src/main/AndroidManifest.xml:4:5-28
		INJECTED from src/main/AndroidManifest.xml
		INJECTED from src/main/AndroidManifest.xml
application
ADDED from src/main/AndroidManifest.xml:7:5-175:19
MERGED from [com.android.support.constraint:constraint-layout:1.1.3] AndroidManifest.xml:9:5-20
MERGED from [com.android.support.constraint:constraint-layout:1.1.3] AndroidManifest.xml:9:5-20
MERGED from [com.android.support:support-compat:28.0.0] AndroidManifest.xml:22:5-94
MERGED from [com.android.support:support-compat:28.0.0] AndroidManifest.xml:22:5-94
MERGED from [com.android.support:versionedparcelable:28.0.0] AndroidManifest.xml:22:5-23:19
MERGED from [com.android.support:versionedparcelable:28.0.0] AndroidManifest.xml:22:5-23:19
	android:appComponentFactory
		ADDED from [com.android.support:support-compat:28.0.0] AndroidManifest.xml:22:18-91
	android:label
		ADDED from src/main/AndroidManifest.xml:11:9-41
	android:debuggable
		ADDED from src/main/AndroidManifest.xml:9:9-35
	android:largeHeap
		ADDED from src/main/AndroidManifest.xml:8:9-33
	android:icon
		ADDED from src/main/AndroidManifest.xml:10:9-38
activity#com.spearheadinc.flashcards.prayerapp.LicencingMainActivity
ADDED from src/main/AndroidManifest.xml:12:9-19:20
	android:screenOrientation
		ADDED from src/main/AndroidManifest.xml:14:13-49
	android:theme
		ADDED from src/main/AndroidManifest.xml:15:13-60
	android:name
		ADDED from src/main/AndroidManifest.xml:13:13-49
intent-filter#category:name:android.intent.category.DEFAULT
ADDED from src/main/AndroidManifest.xml:16:13-18:29
category#android.intent.category.DEFAULT
ADDED from src/main/AndroidManifest.xml:17:17-76
	android:name
		ADDED from src/main/AndroidManifest.xml:17:27-73
activity#com.spearheadinc.flashcards.prayerapp.FlashCards
ADDED from src/main/AndroidManifest.xml:20:9-29:20
	android:screenOrientation
		ADDED from src/main/AndroidManifest.xml:22:13-49
	android:theme
		ADDED from src/main/AndroidManifest.xml:23:13-60
	android:name
		ADDED from src/main/AndroidManifest.xml:21:13-39
intent-filter#action:name:android.intent.action.MAIN+category:name:android.intent.category.LAUNCHER
ADDED from src/main/AndroidManifest.xml:24:13-28:29
action#android.intent.action.MAIN
ADDED from src/main/AndroidManifest.xml:25:17-69
	android:name
		ADDED from src/main/AndroidManifest.xml:25:25-66
category#android.intent.category.LAUNCHER
ADDED from src/main/AndroidManifest.xml:27:17-77
	android:name
		ADDED from src/main/AndroidManifest.xml:27:27-74
activity#com.spearheadinc.flashcards.prayerapp.DeckView
ADDED from src/main/AndroidManifest.xml:30:9-37:20
	android:screenOrientation
		ADDED from src/main/AndroidManifest.xml:32:13-49
	android:theme
		ADDED from src/main/AndroidManifest.xml:33:13-60
	android:name
		ADDED from src/main/AndroidManifest.xml:31:13-37
activity#com.spearheadinc.flashcards.prayerapp.CardDetails
ADDED from src/main/AndroidManifest.xml:38:9-45:20
	android:screenOrientation
		ADDED from src/main/AndroidManifest.xml:40:13-49
	android:theme
		ADDED from src/main/AndroidManifest.xml:41:13-60
	android:name
		ADDED from src/main/AndroidManifest.xml:39:13-40
activity#com.spearheadinc.flashcards.prayerapp.Setting
ADDED from src/main/AndroidManifest.xml:46:9-53:20
	android:screenOrientation
		ADDED from src/main/AndroidManifest.xml:48:13-49
	android:theme
		ADDED from src/main/AndroidManifest.xml:49:13-60
	android:name
		ADDED from src/main/AndroidManifest.xml:47:13-36
activity#com.spearheadinc.flashcards.prayerapp.Help
ADDED from src/main/AndroidManifest.xml:54:9-61:20
	android:screenOrientation
		ADDED from src/main/AndroidManifest.xml:56:13-49
	android:theme
		ADDED from src/main/AndroidManifest.xml:57:13-60
	android:name
		ADDED from src/main/AndroidManifest.xml:55:13-33
activity#com.fadavis.pharmphlashfc.phone.Info
ADDED from src/main/AndroidManifest.xml:62:9-69:20
	android:screenOrientation
		ADDED from src/main/AndroidManifest.xml:64:13-49
	android:theme
		ADDED from src/main/AndroidManifest.xml:65:13-60
	android:name
		ADDED from src/main/AndroidManifest.xml:63:13-64
activity#com.spearheadinc.flashcards.prayerapp.Search
ADDED from src/main/AndroidManifest.xml:70:9-77:20
	android:screenOrientation
		ADDED from src/main/AndroidManifest.xml:72:13-49
	android:theme
		ADDED from src/main/AndroidManifest.xml:73:13-60
	android:name
		ADDED from src/main/AndroidManifest.xml:71:13-35
activity#com.spearheadinc.flashcards.prayerapp.Info
ADDED from src/main/AndroidManifest.xml:78:9-85:20
	android:screenOrientation
		ADDED from src/main/AndroidManifest.xml:80:13-49
	android:theme
		ADDED from src/main/AndroidManifest.xml:81:13-60
	android:name
		ADDED from src/main/AndroidManifest.xml:79:13-32
activity#com.spearheadinc.flashcards.prayerapp.CardNotesDetail
ADDED from src/main/AndroidManifest.xml:86:9-93:20
	android:screenOrientation
		ADDED from src/main/AndroidManifest.xml:88:13-49
	android:theme
		ADDED from src/main/AndroidManifest.xml:89:13-60
	android:name
		ADDED from src/main/AndroidManifest.xml:87:13-43
activity#com.spearheadinc.flashcards.prayerapp.CommentDetails
ADDED from src/main/AndroidManifest.xml:94:9-101:20
	android:screenOrientation
		ADDED from src/main/AndroidManifest.xml:96:13-49
	android:theme
		ADDED from src/main/AndroidManifest.xml:97:13-60
	android:name
		ADDED from src/main/AndroidManifest.xml:95:13-42
activity#com.spearheadinc.flashcards.prayerapp.IndexSearch
ADDED from src/main/AndroidManifest.xml:102:9-109:20
	android:screenOrientation
		ADDED from src/main/AndroidManifest.xml:104:13-49
	android:theme
		ADDED from src/main/AndroidManifest.xml:105:13-60
	android:name
		ADDED from src/main/AndroidManifest.xml:103:13-40
activity#com.spearheadinc.flashcards.prayerapp.VoiceNoteDetails
ADDED from src/main/AndroidManifest.xml:110:9-117:20
	android:screenOrientation
		ADDED from src/main/AndroidManifest.xml:112:13-49
	android:theme
		ADDED from src/main/AndroidManifest.xml:113:13-60
	android:name
		ADDED from src/main/AndroidManifest.xml:111:13-45
activity#com.spearheadinc.flashcards.prayerapp.NewComments
ADDED from src/main/AndroidManifest.xml:118:9-125:20
	android:screenOrientation
		ADDED from src/main/AndroidManifest.xml:120:13-49
	android:theme
		ADDED from src/main/AndroidManifest.xml:121:13-60
	android:name
		ADDED from src/main/AndroidManifest.xml:119:13-40
activity#com.spearheadinc.flashcards.prayerapp.NewVoiceNotes
ADDED from src/main/AndroidManifest.xml:126:9-133:20
	android:screenOrientation
		ADDED from src/main/AndroidManifest.xml:128:13-49
	android:theme
		ADDED from src/main/AndroidManifest.xml:129:13-60
	android:name
		ADDED from src/main/AndroidManifest.xml:127:13-42
activity#com.spearheadinc.flashcards.prayerapp.MyComments
ADDED from src/main/AndroidManifest.xml:134:9-141:20
	android:screenOrientation
		ADDED from src/main/AndroidManifest.xml:136:13-49
	android:theme
		ADDED from src/main/AndroidManifest.xml:137:13-60
	android:name
		ADDED from src/main/AndroidManifest.xml:135:13-38
activity#com.social.share.twitter.PrepareRequestTokenActivity
ADDED from src/main/AndroidManifest.xml:142:9-156:20
	android:launchMode
		ADDED from src/main/AndroidManifest.xml:144:13-44
	android:name
		ADDED from src/main/AndroidManifest.xml:143:13-80
intent-filter#action:name:android.intent.action.VIEW+category:name:android.intent.category.BROWSABLE+category:name:android.intent.category.DEFAULT+data:host:callback+data:scheme:x-oauthflow-twitter
ADDED from src/main/AndroidManifest.xml:146:13-155:29
action#android.intent.action.VIEW
ADDED from src/main/AndroidManifest.xml:147:17-69
	android:name
		ADDED from src/main/AndroidManifest.xml:147:25-66
category#android.intent.category.BROWSABLE
ADDED from src/main/AndroidManifest.xml:150:17-78
	android:name
		ADDED from src/main/AndroidManifest.xml:150:27-75
data
ADDED from src/main/AndroidManifest.xml:152:17-154:60
	android:host
		ADDED from src/main/AndroidManifest.xml:153:21-44
	android:scheme
		ADDED from src/main/AndroidManifest.xml:154:21-57
activity#com.spearheadinc.flashcards.prayerapp.Introduction
ADDED from src/main/AndroidManifest.xml:157:9-164:20
	android:screenOrientation
		ADDED from src/main/AndroidManifest.xml:159:13-49
	android:theme
		ADDED from src/main/AndroidManifest.xml:160:13-60
	android:name
		ADDED from src/main/AndroidManifest.xml:158:13-41
activity#com.spearheadinc.flashcards.prayerapp.ListCardName
ADDED from src/main/AndroidManifest.xml:165:9-174:20
	android:screenOrientation
		ADDED from src/main/AndroidManifest.xml:168:14-50
	android:label
		ADDED from src/main/AndroidManifest.xml:167:13-66
	android:theme
		ADDED from src/main/AndroidManifest.xml:169:13-60
	android:name
		ADDED from src/main/AndroidManifest.xml:166:13-41
uses-permission#android.permission.INTERNET
ADDED from src/main/AndroidManifest.xml:177:4-66
	android:name
		ADDED from src/main/AndroidManifest.xml:177:21-63
uses-sdk
INJECTED from src/main/AndroidManifest.xml reason: use-sdk injection requested
INJECTED from src/main/AndroidManifest.xml
INJECTED from src/main/AndroidManifest.xml
MERGED from [com.android.support:support-v4:28.0.0] AndroidManifest.xml:20:5-44
MERGED from [com.android.support:support-v4:28.0.0] AndroidManifest.xml:20:5-44
MERGED from [com.android.support.constraint:constraint-layout:1.1.3] AndroidManifest.xml:5:5-7:41
MERGED from [com.android.support.constraint:constraint-layout:1.1.3] AndroidManifest.xml:5:5-7:41
MERGED from [com.android.support:support-media-compat:28.0.0] AndroidManifest.xml:20:5-44
MERGED from [com.android.support:support-media-compat:28.0.0] AndroidManifest.xml:20:5-44
MERGED from [com.android.support:support-fragment:28.0.0] AndroidManifest.xml:20:5-44
MERGED from [com.android.support:support-fragment:28.0.0] AndroidManifest.xml:20:5-44
MERGED from [com.android.support:support-core-ui:28.0.0] AndroidManifest.xml:20:5-44
MERGED from [com.android.support:support-core-ui:28.0.0] AndroidManifest.xml:20:5-44
MERGED from [com.android.support:support-core-utils:28.0.0] AndroidManifest.xml:20:5-44
MERGED from [com.android.support:support-core-utils:28.0.0] AndroidManifest.xml:20:5-44
MERGED from [com.android.support:loader:28.0.0] AndroidManifest.xml:20:5-44
MERGED from [com.android.support:loader:28.0.0] AndroidManifest.xml:20:5-44
MERGED from [com.android.support:viewpager:28.0.0] AndroidManifest.xml:20:5-44
MERGED from [com.android.support:viewpager:28.0.0] AndroidManifest.xml:20:5-44
MERGED from [com.android.support:coordinatorlayout:28.0.0] AndroidManifest.xml:20:5-44
MERGED from [com.android.support:coordinatorlayout:28.0.0] AndroidManifest.xml:20:5-44
MERGED from [com.android.support:drawerlayout:28.0.0] AndroidManifest.xml:20:5-44
MERGED from [com.android.support:drawerlayout:28.0.0] AndroidManifest.xml:20:5-44
MERGED from [com.android.support:slidingpanelayout:28.0.0] AndroidManifest.xml:20:5-44
MERGED from [com.android.support:slidingpanelayout:28.0.0] AndroidManifest.xml:20:5-44
MERGED from [com.android.support:customview:28.0.0] AndroidManifest.xml:20:5-44
MERGED from [com.android.support:customview:28.0.0] AndroidManifest.xml:20:5-44
MERGED from [com.android.support:swiperefreshlayout:28.0.0] AndroidManifest.xml:20:5-44
MERGED from [com.android.support:swiperefreshlayout:28.0.0] AndroidManifest.xml:20:5-44
MERGED from [com.android.support:asynclayoutinflater:28.0.0] AndroidManifest.xml:20:5-44
MERGED from [com.android.support:asynclayoutinflater:28.0.0] AndroidManifest.xml:20:5-44
MERGED from [com.android.support:support-compat:28.0.0] AndroidManifest.xml:20:5-44
MERGED from [com.android.support:support-compat:28.0.0] AndroidManifest.xml:20:5-44
MERGED from [com.android.support:versionedparcelable:28.0.0] AndroidManifest.xml:20:5-44
MERGED from [com.android.support:versionedparcelable:28.0.0] AndroidManifest.xml:20:5-44
MERGED from [android.arch.lifecycle:runtime:1.1.1] AndroidManifest.xml:20:5-44
MERGED from [android.arch.lifecycle:runtime:1.1.1] AndroidManifest.xml:20:5-44
MERGED from [com.android.support:documentfile:28.0.0] AndroidManifest.xml:20:5-44
MERGED from [com.android.support:documentfile:28.0.0] AndroidManifest.xml:20:5-44
MERGED from [com.android.support:localbroadcastmanager:28.0.0] AndroidManifest.xml:20:5-44
MERGED from [com.android.support:localbroadcastmanager:28.0.0] AndroidManifest.xml:20:5-44
MERGED from [com.android.support:print:28.0.0] AndroidManifest.xml:20:5-44
MERGED from [com.android.support:print:28.0.0] AndroidManifest.xml:20:5-44
MERGED from [com.android.support:interpolator:28.0.0] AndroidManifest.xml:20:5-44
MERGED from [com.android.support:interpolator:28.0.0] AndroidManifest.xml:20:5-44
MERGED from [com.android.support:cursoradapter:28.0.0] AndroidManifest.xml:20:5-44
MERGED from [com.android.support:cursoradapter:28.0.0] AndroidManifest.xml:20:5-44
MERGED from [android.arch.lifecycle:viewmodel:1.1.1] AndroidManifest.xml:20:5-44
MERGED from [android.arch.lifecycle:viewmodel:1.1.1] AndroidManifest.xml:20:5-44
MERGED from [android.arch.lifecycle:livedata:1.1.1] AndroidManifest.xml:20:5-44
MERGED from [android.arch.lifecycle:livedata:1.1.1] AndroidManifest.xml:20:5-44
MERGED from [android.arch.lifecycle:livedata-core:1.1.1] AndroidManifest.xml:20:5-44
MERGED from [android.arch.lifecycle:livedata-core:1.1.1] AndroidManifest.xml:20:5-44
MERGED from [android.arch.core:runtime:1.1.1] AndroidManifest.xml:20:5-44
MERGED from [android.arch.core:runtime:1.1.1] AndroidManifest.xml:20:5-44
INJECTED from src/main/AndroidManifest.xml
INJECTED from src/main/AndroidManifest.xml
	android:targetSdkVersion
		INJECTED from src/main/AndroidManifest.xml
		ADDED from src/main/AndroidManifest.xml
		INJECTED from src/main/AndroidManifest.xml
	android:minSdkVersion
		INJECTED from src/main/AndroidManifest.xml
		ADDED from src/main/AndroidManifest.xml
		INJECTED from src/main/AndroidManifest.xml